Active-HDL 15.0.261.9132 2024-07-22 20:20:55

Elaboration top modules:
Architecture                  structural(tb_DPR)


----------------------------------------------------------------------------------------------------------------------------------
Entity                       | Architecture | Library                    | Info | Compiler Version          | Compilation Options
----------------------------------------------------------------------------------------------------------------------------------
tb_DPR                       | structural   | Digital_Pattern_Recognizer |      | 15.0.261.9132 (Windows64) | -O3
DPR                          | structure    | Digital_Pattern_Recognizer |      | 15.0.261.9132 (Windows64) | -O3
ONE_BIT_MAGNITUDE_COMPARATOR | Behavioral   | Digital_Pattern_Recognizer |      | 15.0.261.9132 (Windows64) | -O3
Non_Overlapping_Moore_111    | Behavioral   | Digital_Pattern_Recognizer |      | 15.0.261.9132 (Windows64) | -O3
end_p                        | Behavioral   | Digital_Pattern_Recognizer |      | 15.0.261.9132 (Windows64) | -O3
----------------------------------------------------------------------------------------------------------------------------------

----------------------------------------------------------------------------------------------------------------------------------
VHDL Package                                | Library                    | Info | Compiler Version          | Compilation Options
----------------------------------------------------------------------------------------------------------------------------------
standard                                    | std                        |      |                           | <unavailable>
TEXTIO                                      | std                        |      | 15.0.261.9132 (Windows64) |  -2019
std_logic_1164                              | ieee                       |      | 15.0.261.9132 (Windows64) |  -2008
std_logic_arith                             | ieee                       |      | 15.0.261.9132 (Windows64) | <unavailable>
STD_LOGIC_UNSIGNED                          | ieee                       |      | 15.0.261.9132 (Windows64) | <unavailable>
----------------------------------------------------------------------------------------------------------------------------------

----------------------------------------------------------------------------------------------------------------------------------
Library                                     | Comment
----------------------------------------------------------------------------------------------------------------------------------
Digital_Pattern_Recognizer                  | None
ieee                                        | Standard IEEE packages library
std                                         | Standard VHDL library
----------------------------------------------------------------------------------------------------------------------------------
